2016-08-01 23:22:02,115 [django.db.backends:89] [DEBUG] (0.000) QUERY = "\n            SELECT name, type FROM sqlite_master\n            WHERE type in ('table', 'view') AND NOT name='sqlite_sequence'\n            ORDER BY name" - PARAMS = (); args=None
2016-08-01 23:22:02,115 [django.db.backends:89] [DEBUG] (0.000) QUERY = u'BEGIN' - PARAMS = (); args=None
2016-08-01 23:22:02,115 [django.db.backends.schema:102] [DEBUG] CREATE TABLE "django_migrations" ("id" integer NOT NULL PRIMARY KEY AUTOINCREMENT, "app" varchar(255) NOT NULL, "name" varchar(255) NOT NULL, "applied" datetime NOT NULL); (params None)
2016-08-01 23:22:02,131 [django.db.backends:89] [DEBUG] (0.016) QUERY = u'CREATE TABLE "django_migrations" ("id" integer NOT NULL PRIMARY KEY AUTOINCREMENT, "app" varchar(255) NOT NULL, "name" varchar(255) NOT NULL, "applied" datetime NOT NULL)' - PARAMS = (); args=None
2016-08-01 23:22:02,145 [django.db.backends:89] [DEBUG] (0.000) QUERY = u'SELECT "django_migrations"."app", "django_migrations"."name" FROM "django_migrations"' - PARAMS = (); args=()
2016-08-01 23:47:08,474 [django.db.backends:89] [DEBUG] (0.000) QUERY = "\n            SELECT name, type FROM sqlite_master\n            WHERE type in ('table', 'view') AND NOT name='sqlite_sequence'\n            ORDER BY name" - PARAMS = (); args=None
2016-08-01 23:47:08,474 [django.db.backends:89] [DEBUG] (0.000) QUERY = u'SELECT "django_migrations"."app", "django_migrations"."name" FROM "django_migrations"' - PARAMS = (); args=()
2016-08-02 22:14:15,211 [django.db.backends:89] [DEBUG] (0.031) QUERY = "\n            SELECT name, type FROM sqlite_master\n            WHERE type in ('table', 'view') AND NOT name='sqlite_sequence'\n            ORDER BY name" - PARAMS = (); args=None
2016-08-02 22:14:15,243 [django.db.backends:89] [DEBUG] (0.000) QUERY = u'SELECT "django_migrations"."app", "django_migrations"."name" FROM "django_migrations"' - PARAMS = (); args=()
2016-08-02 22:28:33,723 [django.db.backends:89] [DEBUG] (0.000) QUERY = "\n            SELECT name, type FROM sqlite_master\n            WHERE type in ('table', 'view') AND NOT name='sqlite_sequence'\n            ORDER BY name" - PARAMS = (); args=None
2016-08-02 22:28:33,723 [django.db.backends:89] [DEBUG] (0.000) QUERY = u'SELECT "django_migrations"."app", "django_migrations"."name" FROM "django_migrations"' - PARAMS = (); args=()
2016-08-02 22:29:29,815 [django:39] [ERROR] wulalalallalalala~
2016-08-02 22:31:16,092 [django.db.backends:89] [DEBUG] (0.000) QUERY = "\n            SELECT name, type FROM sqlite_master\n            WHERE type in ('table', 'view') AND NOT name='sqlite_sequence'\n            ORDER BY name" - PARAMS = (); args=None
2016-08-02 22:31:16,092 [django.db.backends:89] [DEBUG] (0.000) QUERY = u'SELECT "django_migrations"."app", "django_migrations"."name" FROM "django_migrations"' - PARAMS = (); args=()
2016-08-02 22:31:19,789 [django:39] [ERROR] wulalalallalalala~
2016-08-02 22:33:56,609 [django.db.backends:89] [DEBUG] (0.000) QUERY = "\n            SELECT name, type FROM sqlite_master\n            WHERE type in ('table', 'view') AND NOT name='sqlite_sequence'\n            ORDER BY name" - PARAMS = (); args=None
2016-08-02 22:33:56,609 [django.db.backends:89] [DEBUG] (0.000) QUERY = u'SELECT "django_migrations"."app", "django_migrations"."name" FROM "django_migrations"' - PARAMS = (); args=()
2016-08-02 22:37:38,976 [django:110] [ERROR] 'function' object has no attribute 'execute'
2016-08-02 22:37:38,976 [django:39] [ERROR] wulalalallalalala~
2016-08-02 22:40:56,244 [django.db.backends:89] [DEBUG] (0.000) QUERY = "\n            SELECT name, type FROM sqlite_master\n            WHERE type in ('table', 'view') AND NOT name='sqlite_sequence'\n            ORDER BY name" - PARAMS = (); args=None
2016-08-02 22:40:56,259 [django.db.backends:89] [DEBUG] (0.000) QUERY = u'SELECT "django_migrations"."app", "django_migrations"."name" FROM "django_migrations"' - PARAMS = (); args=()
2016-08-02 22:41:02,141 [django.db.backends:89] [DEBUG] (0.000) SET SQL_AUTO_IS_NULL = 0; args=None
2016-08-02 22:41:02,157 [django.db.backends:89] [DEBUG] (0.015) select * from movie order by rand() limit 5; args=None
2016-08-02 22:41:02,157 [django:108] [INFO] [{'update_time': datetime.datetime(2016, 7, 31, 12, 18, 35, tzinfo=<UTC>), 'movie_name': u'\u8389\u742a\u7684\u5f02\u60f3\u4e16\u754c\uff08\u56fd\u8bed\uff09', 'movie_image': u'http://pic7.qiyipic.com/image/20160525/d3/8d/v_110443166_m_601_m1_180_236.jpg', 'movie_link': u'http://www.iqiyi.com/v_19rrlhskg0.html#vfrm=2-4-0-1', 'albumid': 487230700L, 'create_time': datetime.datetime(2016, 7, 31, 12, 18, 35, tzinfo=<UTC>), 'id': 493L, 'movie_desc': u'\u8389\u742a\u7684\u5f02\u60f3\u4e16\u754c\uff08\u56fd\u8bed\uff09'}, {'update_time': datetime.datetime(2016, 7, 31, 12, 18, 44, tzinfo=<UTC>), 'movie_name': u'\u975e\u5e38\u901a\u7f09', 'movie_image': u'http://pic1.qiyipic.com/image/20160601/8c/92/v_110350459_m_601_m1_180_236.jpg', 'movie_link': u'http://www.iqiyi.com/v_19rrlwlvbw.html#vfrm=2-4-0-1', 'albumid': 478606000L, 'create_time': datetime.datetime(2016, 7, 31, 12, 18, 44, tzinfo=<UTC>), 'id': 668L, 'movie_desc': u'\u975e\u5e38\u901a\u7f09'}, {'update_time': datetime.datetime(2016, 7, 31, 12, 18, 50, tzinfo=<UTC>), 'movie_name': u'\u70ed\u8840\u9ad8\u68213', 'movie_image': u'http://pic9.qiyipic.com/image/20160615/37/c0/v_110535432_m_601_m1_180_236.jpg', 'movie_link': u'http://www.iqiyi.com/v_19rrlmwrrs.html#vfrm=2-4-0-1', 'albumid': 495872500L, 'create_time': datetime.datetime(2016, 7, 31, 12, 18, 50, tzinfo=<UTC>), 'id': 796L, 'movie_desc': u'\u70ed\u8840\u9ad8\u68213'}, {'update_time': datetime.datetime(2016, 7, 31, 12, 18, 41, tzinfo=<UTC>), 'movie_name': u'\u51fa\u5934\u4eba', 'movie_image': u'http://pic0.qiyipic.com/image/20160530/e9/7a/v_110439087_m_601_m1_180_236.jpg', 'movie_link': u'http://www.iqiyi.com/v_19rrlhiya4.html#vfrm=2-4-0-1', 'albumid': 486831200L, 'create_time': datetime.datetime(2016, 7, 31, 12, 18, 41, tzinfo=<UTC>), 'id': 624L, 'movie_desc': u'\u51fa\u5934\u4eba'}, {'update_time': datetime.datetime(2016, 7, 31, 12, 18, 43, tzinfo=<UTC>), 'movie_name': u'\u5996\u4eba\u4e4b\u53e4\u5893\u91cd\u751f', 'movie_image': u'http://pic5.qiyipic.com/image/20160602/72/93/v_110421863_m_601_m2_180_236.jpg', 'movie_link': u'http://www.iqiyi.com/v_19rrlt2lsk.html#vfrm=2-4-0-1', 'albumid': 485334200L, 'create_time': datetime.datetime(2016, 7, 31, 12, 18, 43, tzinfo=<UTC>), 'id': 632L, 'movie_desc': u'\u5996\u4eba\u4e4b\u53e4\u5893\u91cd\u751f'}]
2016-08-02 22:41:02,157 [django:39] [ERROR] wulalalallalalala~
2016-08-02 22:43:11,177 [django.db.backends:89] [DEBUG] (0.000) QUERY = "\n            SELECT name, type FROM sqlite_master\n            WHERE type in ('table', 'view') AND NOT name='sqlite_sequence'\n            ORDER BY name" - PARAMS = (); args=None
2016-08-02 22:43:11,177 [django.db.backends:89] [DEBUG] (0.000) QUERY = u'SELECT "django_migrations"."app", "django_migrations"."name" FROM "django_migrations"' - PARAMS = (); args=()
2016-08-02 22:43:15,342 [django.db.backends:89] [DEBUG] (0.000) SET SQL_AUTO_IS_NULL = 0; args=None
2016-08-02 22:43:15,358 [django.db.backends:89] [DEBUG] (0.016) select * from movie order by rand() limit 5; args=None
2016-08-02 22:43:15,358 [django:108] [INFO] [{'update_time': datetime.datetime(2016, 7, 31, 12, 18, 37, tzinfo=<UTC>), 'movie_name': u'\u6709\u60c5\u611f\u7684\u673a\u5668\u4eba', 'movie_image': u'http://pic1.qiyipic.com/image/20160526/a8/e0/v_110431976_m_601_m1_180_236.jpg', 'movie_link': u'http://www.iqiyi.com/v_19rrlsdjfc.html#vfrm=2-4-0-1', 'albumid': 486163700L, 'create_time': datetime.datetime(2016, 7, 31, 12, 18, 37, tzinfo=<UTC>), 'id': 514L, 'movie_desc': u'\u6709\u60c5\u611f\u7684\u673a\u5668\u4eba'}, {'update_time': datetime.datetime(2016, 7, 31, 12, 18, 30, tzinfo=<UTC>), 'movie_name': u'\u7edd\u547d\u8ffd\u51f6', 'movie_image': u'http://pic7.qiyipic.com/image/20160727/9e/17/v_110630773_m_601_m1_180_236.jpg', 'movie_link': u'http://www.iqiyi.com/v_19rrmax78s.html#vfrm=2-4-0-1', 'albumid': 504828800L, 'create_time': datetime.datetime(2016, 7, 31, 12, 18, 30, tzinfo=<UTC>), 'id': 337L, 'movie_desc': u'\u7edd\u547d\u8ffd\u51f6'}, {'update_time': datetime.datetime(2016, 7, 31, 12, 19, 10, tzinfo=<UTC>), 'movie_name': u'\u5409\u8bfa\u5bc6\u6b27\u4e0e\u6731\u4e3d\u53f6\uff08\u539f\u58f0\uff09', 'movie_image': u'http://pic3.qiyipic.com/image/20160523/3a/76/v_62646585_m_601_m2_180_236.jpg', 'movie_link': u'http://www.iqiyi.com/v_19rrho9jxk.html#vfrm=2-4-0-1', 'albumid': 264658500L, 'create_time': datetime.datetime(2016, 7, 31, 12, 19, 10, tzinfo=<UTC>), 'id': 1218L, 'movie_desc': u'\u5409\u8bfa\u5bc6\u6b27\u4e0e\u6731\u4e3d\u53f6\uff08\u539f\u58f0\uff09'}, {'update_time': datetime.datetime(2016, 7, 31, 12, 18, 54, tzinfo=<UTC>), 'movie_name': u'\u5bc2\u5bde\u5728\u4f5c\u602a', 'movie_image': u'http://pic6.qiyipic.com/image/20160627/2a/f8/v_110538191_m_601_m1_180_236.jpg', 'movie_link': u'http://www.iqiyi.com/v_19rrllting.html#vfrm=2-4-0-1', 'albumid': 496139200L, 'create_time': datetime.datetime(2016, 7, 31, 12, 18, 54, tzinfo=<UTC>), 'id': 883L, 'movie_desc': u'\u5bc2\u5bde\u5728\u4f5c\u602a'}, {'update_time': datetime.datetime(2016, 7, 31, 12, 18, 43, tzinfo=<UTC>), 'movie_name': u'\u9006\u5149\u98de\u7fd4', 'movie_image': u'http://pic1.qiyipic.com/image/20160510/80/70/v_50635197_m_601_m2_180_236.jpg', 'movie_link': u'http://www.iqiyi.com/dianying/20130709/0ddb11c571ced68a.html#vfrm=2-4-0-1', 'albumid': 460731L, 'create_time': datetime.datetime(2016, 7, 31, 12, 18, 43, tzinfo=<UTC>), 'id': 646L, 'movie_desc': u'\u9006\u5149\u98de\u7fd4'}]
2016-08-02 22:43:15,358 [django:111] [ERROR] "'movie_name'"
2016-08-02 22:43:15,358 [django:39] [ERROR] wulalalallalalala~
2016-08-02 22:47:42,446 [django.db.backends:89] [DEBUG] (0.000) QUERY = "\n            SELECT name, type FROM sqlite_master\n            WHERE type in ('table', 'view') AND NOT name='sqlite_sequence'\n            ORDER BY name" - PARAMS = (); args=None
2016-08-02 22:47:42,446 [django.db.backends:89] [DEBUG] (0.000) QUERY = u'SELECT "django_migrations"."app", "django_migrations"."name" FROM "django_migrations"' - PARAMS = (); args=()
2016-08-02 22:47:47,586 [django.db.backends:89] [DEBUG] (0.000) SET SQL_AUTO_IS_NULL = 0; args=None
2016-08-02 22:47:47,601 [django.db.backends:89] [DEBUG] (0.015) select * from movie order by rand() limit 5; args=None
2016-08-02 22:47:47,601 [django:108] [INFO] [{'update_time': datetime.datetime(2016, 7, 31, 12, 18, 38, tzinfo=<UTC>), 'movie_name': u'\u4e8c\u89c1\u949f\u60c5\u4e4b\u65b0\u597d\u7537\u4eba', 'movie_image': u'http://pic3.qiyipic.com/image/20160526/65/3b/v_110439206_m_601_m1_180_236.jpg', 'movie_link': u'http://www.iqiyi.com/v_19rrlhjxvw.html#vfrm=2-4-0-1', 'albumid': 486842400L, 'create_time': datetime.datetime(2016, 7, 31, 12, 18, 38, tzinfo=<UTC>), 'id': 567L, 'movie_desc': u'\u4e8c\u89c1\u949f\u60c5\u4e4b\u65b0\u597d\u7537\u4eba'}, {'update_time': datetime.datetime(2016, 7, 31, 12, 18, 53, tzinfo=<UTC>), 'movie_name': u'\u754c\u9650', 'movie_image': u'http://pic7.qiyipic.com/image/20160623/8e/11/v_110297365_m_601_m1_180_236.jpg', 'movie_link': u'http://www.iqiyi.com/v_19rrlps3cs.html#vfrm=2-4-0-1', 'albumid': 473562000L, 'create_time': datetime.datetime(2016, 7, 31, 12, 18, 53, tzinfo=<UTC>), 'id': 844L, 'movie_desc': u'\u754c\u9650'}, {'update_time': datetime.datetime(2016, 7, 31, 11, 41, 10, tzinfo=<UTC>), 'movie_name': u'\u6bd2\u820c\u5f00\u573a6\u5206\u949f', 'movie_image': u'http://pic5.qiyipic.com/image/20160429/37/24/a_100024675_m_601_m1_180_236.jpg', 'movie_link': u'http://www.iqiyi.com/a_19rrham7ep.html#vfrm=2-4-0-1', 'albumid': 203950701L, 'create_time': datetime.datetime(2016, 7, 31, 11, 41, 10, tzinfo=<UTC>), 'id': 110L, 'movie_desc': u'\u6bd2\u820c\u5f00\u573a6\u5206\u949f'}, {'update_time': datetime.datetime(2016, 7, 31, 12, 18, 58, tzinfo=<UTC>), 'movie_name': u'\u8fd8\u94b1', 'movie_image': u'http://pic9.qiyipic.com/image/20160509/1e/d8/v_110293154_m_601_m1_180_236.jpg', 'movie_link': u'http://www.iqiyi.com/v_19rrlpiyf4.html#vfrm=2-4-0-1', 'albumid': 473136300L, 'create_time': datetime.datetime(2016, 7, 31, 12, 18, 58, tzinfo=<UTC>), 'id': 975L, 'movie_desc': u'\u8fd8\u94b1'}, {'update_time': datetime.datetime(2016, 7, 31, 12, 18, 46, tzinfo=<UTC>), 'movie_name': u'\u6050\u6016\u7a7a\u95f4', 'movie_image': u'http://pic3.qiyipic.com/image/20160603/55/90/v_110352305_m_601_m1_180_236.jpg', 'movie_link': u'http://www.iqiyi.com/v_19rrlwnob0.html#vfrm=2-4-0-1', 'albumid': 478788000L, 'create_time': datetime.datetime(2016, 7, 31, 12, 18, 46, tzinfo=<UTC>), 'id': 698L, 'movie_desc': u'\u6050\u6016\u7a7a\u95f4'}]
2016-08-02 22:47:47,601 [django:111] [ERROR] 'ascii' codec can't encode characters in position 0-8: ordinal not in range(128)
2016-08-02 22:47:47,601 [django:39] [ERROR] wulalalallalalala~
2016-08-02 22:48:42,601 [django.db.backends:89] [DEBUG] (0.000) QUERY = "\n            SELECT name, type FROM sqlite_master\n            WHERE type in ('table', 'view') AND NOT name='sqlite_sequence'\n            ORDER BY name" - PARAMS = (); args=None
2016-08-02 22:48:42,601 [django.db.backends:89] [DEBUG] (0.000) QUERY = u'SELECT "django_migrations"."app", "django_migrations"."name" FROM "django_migrations"' - PARAMS = (); args=()
2016-08-02 22:57:22,204 [django.db.backends:89] [DEBUG] (0.015) SET SQL_AUTO_IS_NULL = 0; args=None
2016-08-02 22:57:22,220 [django.db.backends:89] [DEBUG] (0.016) select * from movie order by rand() limit 5; args=None
2016-08-02 22:57:22,220 [django:111] [INFO] [{'update_time': datetime.datetime(2016, 7, 31, 12, 18, 57, tzinfo=<UTC>), 'movie_name': u'\u62fe\u4ed9\u4f20\u4e4b\u65ad\u9b42\u8336', 'movie_image': u'http://pic3.qiyipic.com/image/20160707/c1/c8/v_110633446_m_601_m2_180_236.jpg', 'movie_link': u'http://www.iqiyi.com/v_19rrmb2rhs.html#vfrm=2-4-0-1', 'albumid': 505089500L, 'create_time': datetime.datetime(2016, 7, 31, 12, 18, 57, tzinfo=<UTC>), 'id': 932L, 'movie_desc': u'\u62fe\u4ed9\u4f20\u4e4b\u65ad\u9b42\u8336'}, {'update_time': datetime.datetime(2016, 7, 31, 12, 18, 30, tzinfo=<UTC>), 'movie_name': u'\u9189\u62f3\uff08\u7ca4\u8bed\uff09', 'movie_image': u'http://pic6.qiyipic.com/image/20160725/3e/38/v_62817195_m_601_m4_180_236.jpg', 'movie_link': u'http://www.iqiyi.com/v_19rrmy8bds.html#vfrm=2-4-0-1', 'albumid': 281719500L, 'create_time': datetime.datetime(2016, 7, 31, 12, 18, 30, tzinfo=<UTC>), 'id': 357L, 'movie_desc': u'\u9189\u62f3\uff08\u7ca4\u8bed\uff09'}, {'update_time': datetime.datetime(2016, 7, 31, 12, 18, 33, tzinfo=<UTC>), 'movie_name': u'\u5341\u4e8c\u661f\u5ea7\u7537', 'movie_image': u'http://pic0.qiyipic.com/image/20160719/c8/93/v_110620234_m_601_m1_180_236.jpg', 'movie_link': u'http://www.iqiyi.com/v_19rrmbjue8.html#vfrm=2-4-0-1', 'albumid': 503837900L, 'create_time': datetime.datetime(2016, 7, 31, 12, 18, 33, tzinfo=<UTC>), 'id': 440L, 'movie_desc': u'\u5341\u4e8c\u661f\u5ea7\u7537'}, {'update_time': datetime.datetime(2016, 7, 31, 12, 18, 52, tzinfo=<UTC>), 'movie_name': u'\u5929\u4e0b\u65e0\u5751', 'movie_image': u'http://pic4.qiyipic.com/image/20160616/72/a5/v_110468469_m_601_m1_180_236.jpg', 'movie_link': u'http://www.iqiyi.com/v_19rrlgmjw4.html#vfrm=2-4-0-1', 'albumid': 489645400L, 'create_time': datetime.datetime(2016, 7, 31, 12, 18, 52, tzinfo=<UTC>), 'id': 832L, 'movie_desc': u'\u5929\u4e0b\u65e0\u5751'}, {'update_time': datetime.datetime(2016, 7, 31, 12, 19, 4, tzinfo=<UTC>), 'movie_name': u'\u4f60\u597d\uff0c2016', 'movie_image': u'http://pic5.qiyipic.com/image/20160517/18/47/v_110183332_m_601_m2_180_236.jpg', 'movie_link': u'http://www.iqiyi.com/v_19rrl1u1a8.html#vfrm=2-4-0-1', 'albumid': 462651500L, 'create_time': datetime.datetime(2016, 7, 31, 12, 19, 4, tzinfo=<UTC>), 'id': 1091L, 'movie_desc': u'\u4f60\u597d\uff0c2016'}]
2016-08-02 22:57:22,236 [django:35] [INFO] request IP: 127.0.0.1
2016-08-02 22:57:22,236 [django:36] [INFO] request body: 
    <xml>
    <ToUserName><![CDATA[gh_c8026a854987]]></ToUserName>
    <FromUserName><![CDATA[o-ijPw0j4UvYgJbcRuT6r2au7Huo]]></FromUserName>
    <CreateTime>1465874986</CreateTime>
    <MsgType><![CDATA[text]]></MsgType>
    <Content><![CDATA[123]]></Content>
    <MsgId>6295885125314082434</MsgId>
    </xml>

2016-08-02 23:13:22,305 [django.db.backends:89] [DEBUG] (0.000) QUERY = "\n            SELECT name, type FROM sqlite_master\n            WHERE type in ('table', 'view') AND NOT name='sqlite_sequence'\n            ORDER BY name" - PARAMS = (); args=None
2016-08-02 23:13:22,321 [django.db.backends:89] [DEBUG] (0.000) QUERY = u'SELECT "django_migrations"."app", "django_migrations"."name" FROM "django_migrations"' - PARAMS = (); args=()
